{"host":"localhost","ident":"sudo[2945]:","pid":"2945","message":"  matteo : TTY=pts\/0 ; PWD=\/var\/log ; USER=root ; COMMAND=\/bin\/systemctl restart rsyslog","severity":"notice","facility":"authpriv","time":"2024-07-09T12:18:49.392592-04:00"}
{"host":"localhost","ident":"sudo[2945]:","pid":"2945","message":"pam_unix(sudo:session): session opened for user root(uid=0) by matteo(uid=1000)","severity":"info","facility":"authpriv","time":"2024-07-09T12:18:49.396761-04:00"}
{"host":"localhost","ident":"sudo[2945]:","pid":"2945","message":"pam_unix(sudo:session): session closed for user root","severity":"info","facility":"authpriv","time":"2024-07-09T12:18:49.813404-04:00"}
{"host":"localhost","ident":"sudo[2983]:","pid":"2983","message":"  matteo : TTY=pts\/0 ; PWD=\/var\/log ; USER=root ; COMMAND=\/sbin\/setenforce 0","severity":"notice","facility":"authpriv","time":"2024-07-09T12:18:57.951374-04:00"}
{"host":"localhost","ident":"sudo[2983]:","pid":"2983","message":"pam_unix(sudo:session): session opened for user root(uid=0) by matteo(uid=1000)","severity":"info","facility":"authpriv","time":"2024-07-09T12:18:57.953869-04:00"}
{"host":"localhost","ident":"sudo[2983]:","pid":"2983","message":"pam_unix(sudo:session): session closed for user root","severity":"info","facility":"authpriv","time":"2024-07-09T12:18:57.993921-04:00"}
{"host":"localhost","ident":"sudo[3015]:","pid":"3015","message":"  matteo : TTY=pts\/0 ; PWD=\/var\/log ; USER=root ; COMMAND=\/bin\/cat user_logs.log","severity":"notice","facility":"authpriv","time":"2024-07-09T12:19:28.181893-04:00"}
{"host":"localhost","ident":"sudo[3015]:","pid":"3015","message":"pam_unix(sudo:session): session opened for user root(uid=0) by matteo(uid=1000)","severity":"info","facility":"authpriv","time":"2024-07-09T12:19:28.186721-04:00"}
{"host":"localhost","ident":"sudo[3015]:","pid":"3015","message":"pam_unix(sudo:session): session closed for user root","severity":"info","facility":"authpriv","time":"2024-07-09T12:19:28.190840-04:00"}
{"host":"localhost","ident":"sudo[3043]:","pid":"3043","message":"  matteo : TTY=pts\/0 ; PWD=\/var\/log ; USER=root ; COMMAND=\/bin\/cat secure_logs.log","severity":"notice","facility":"authpriv","time":"2024-07-09T12:19:56.863332-04:00"}
{"host":"localhost","ident":"sudo[3043]:","pid":"3043","message":"pam_unix(sudo:session): session opened for user root(uid=0) by matteo(uid=1000)","severity":"info","facility":"authpriv","time":"2024-07-09T12:19:56.874647-04:00"}
{"host":"localhost","ident":"sudo[3043]:","pid":"3043","message":"pam_unix(sudo:session): session closed for user root","severity":"info","facility":"authpriv","time":"2024-07-09T12:19:56.877612-04:00"}
{"host":"localhost","ident":"sudo[3072]:","pid":"3072","message":"  matteo : TTY=pts\/0 ; PWD=\/var\/log ; USER=root ; COMMAND=\/bin\/su","severity":"notice","facility":"authpriv","time":"2024-07-09T12:20:16.170354-04:00"}
{"host":"localhost","ident":"sudo[3072]:","pid":"3072","message":"pam_unix(sudo:session): session opened for user root(uid=0) by matteo(uid=1000)","severity":"info","facility":"authpriv","time":"2024-07-09T12:20:16.213581-04:00"}
{"host":"localhost","ident":"su[3074]:","pid":"3074","message":"pam_unix(su:session): session opened for user root(uid=0) by matteo(uid=0)","severity":"info","facility":"authpriv","time":"2024-07-09T12:20:16.232662-04:00"}
{"host":"localhost","ident":"su[3074]:","pid":"3074","message":"pam_unix(su:session): session closed for user root","severity":"info","facility":"authpriv","time":"2024-07-09T12:21:31.801253-04:00"}
{"host":"localhost","ident":"sudo[3072]:","pid":"3072","message":"pam_unix(sudo:session): session closed for user root","severity":"info","facility":"authpriv","time":"2024-07-09T12:21:31.807578-04:00"}
{"host":"localhost","ident":"gdm-password][26298]:","pid":"26298","message":"gkr-pam: unlocked login keyring","severity":"info","facility":"authpriv","time":"2024-07-09T12:23:50.492463-04:00"}
{"host":"localhost","ident":"sudo[26386]:","pid":"26386","message":"  matteo : TTY=pts\/0 ; PWD=\/home\/matteo\/Desktop\/shared_with_host ; USER=root ; COMMAND=\/bin\/cp \/var\/log\/cron_logs.log \/var\/log\/laurel_logs.log \/var\/log\/secure_logs.log \/var\/log\/user_logs.log linpeas_logs_2_silent_attack\/","severity":"notice","facility":"authpriv","time":"2024-07-09T12:25:22.730509-04:00"}
{"host":"localhost","ident":"sudo[26386]:","pid":"26386","message":"pam_unix(sudo:session): session opened for user root(uid=0) by matteo(uid=1000)","severity":"info","facility":"authpriv","time":"2024-07-09T12:25:22.737346-04:00"}
